<?xml version="1.0" encoding="UTF-8"?>
<!-- Generated by org.testng.reporters.JUnitReportReporter -->
<testsuite hostname="ML-J5P86S2" name="AssertionExample" tests="1" failures="0" timestamp="29 May 2019 05:00:35 GMT" time="9.182" errors="0">
  <testcase name="start" time="9.182" classname="AssertionExample"/>
</testsuite> <!-- AssertionExample -->
